2025-08-11 10:29:00 | DEBUG | repo=pv243-javaee-7 | action=commit
2025-04-03 08:54:00 | WARN | repo=pv243-javaee-7 | action=commit
2025-10-24 16:17:00 | WARN | repo=pv243-javaee-7 | action=pull
2025-04-28 14:00:00 | INFO | repo=pv243-javaee-7 | action=commit
2025-10-05 16:22:00 | INFO | repo=pv243-javaee-7 | action=edit | files=1
2025-11-07 18:08:00 | WARN | repo=pv243-javaee-7 | action=commit
2025-07-12 21:50:00 | WARN | repo=pv243-javaee-7 | action=commit
2025-01-10 20:15:00 | DEBUG | repo=pv243-javaee-7 | action=commit
2025-10-21 20:38:00 | DEBUG | repo=pv243-javaee-7 | action=commit
2025-04-04 17:19:00 | INFO | repo=pv243-javaee-7 | action=commit
2025-04-02 08:55:00 | INFO | repo=pv243-javaee-7 | action=commit
2025-06-20 18:58:00 | INFO | repo=pv243-javaee-7 | action=commit
2025-02-04 21:00:00 | WARN | repo=pv243-javaee-7 | action=test | passed=true
2025-09-25 09:43:00 | WARN | repo=pv243-javaee-7 | action=commit
2025-06-24 18:25:00 | DEBUG | repo=pv243-javaee-7 | action=commit
2025-12-14 20:48:00 | WARN | repo=pv243-javaee-7 | action=test | passed=true
2025-03-28 21:57:00 | WARN | repo=pv243-javaee-7 | action=commit
2025-11-25 16:38:00 | INFO | repo=pv243-javaee-7 | action=pull
2025-11-18 18:44:00 | DEBUG | repo=pv243-javaee-7 | action=pull
2025-09-23 10:04:00 | DEBUG | repo=pv243-javaee-7 | action=commit
2025-05-11 14:00:00 | WARN | repo=pv243-javaee-7 | action=commit
2025-04-15 18:51:00 | WARN | repo=pv243-javaee-7 | action=pull
2025-05-07 16:46:00 | DEBUG | repo=pv243-javaee-7 | action=commit
2025-01-01 18:42:00 | DEBUG | repo=pv243-javaee-7 | action=edit | files=1
2025-03-09 07:00:00 | WARN | repo=pv243-javaee-7 | action=commit
2025-04-05 12:43:00 | INFO | repo=pv243-javaee-7 | action=commit
2025-12-19 08:06:00 | WARN | repo=pv243-javaee-7 | action=commit
